{"/Users/ale/apps/instaproud/app.js":{"path":"/Users/ale/apps/instaproud/app.js","s":{"1":1,"2":1,"3":1,"4":1,"5":1,"6":1,"7":1,"8":1,"9":1,"10":1,"11":1,"12":1,"13":1,"14":1,"15":1,"16":1,"17":1,"18":1,"19":1,"20":1,"21":1,"22":1,"23":1,"24":1,"25":1,"26":1,"27":1,"28":1,"29":1,"30":1,"31":1,"32":1,"33":1,"34":1,"35":1,"36":1,"37":1,"38":1,"39":1,"40":1,"41":1,"42":1,"43":1,"44":1,"45":1,"46":1,"47":1,"48":0,"49":1},"b":{"1":[1,0],"2":[1,0],"3":[0,0]},"f":{"1":1,"2":1,"3":0},"fnMap":{"1":{"name":"(anonymous_1)","line":76,"loc":{"start":{"line":76,"column":8},"end":{"line":76,"column":33}}},"2":{"name":"(anonymous_2)","line":87,"loc":{"start":{"line":87,"column":10},"end":{"line":87,"column":40}}},"3":{"name":"(anonymous_3)","line":98,"loc":{"start":{"line":98,"column":8},"end":{"line":98,"column":38}}}},"statementMap":{"1":{"start":{"line":2,"column":0},"end":{"line":2,"column":23}},"2":{"start":{"line":3,"column":0},"end":{"line":3,"column":33}},"3":{"start":{"line":4,"column":0},"end":{"line":4,"column":30}},"4":{"start":{"line":5,"column":0},"end":{"line":5,"column":35}},"5":{"start":{"line":6,"column":0},"end":{"line":6,"column":41}},"6":{"start":{"line":7,"column":0},"end":{"line":7,"column":35}},"7":{"start":{"line":8,"column":0},"end":{"line":8,"column":29}},"8":{"start":{"line":9,"column":0},"end":{"line":9,"column":27}},"9":{"start":{"line":10,"column":0},"end":{"line":10,"column":39}},"10":{"start":{"line":11,"column":0},"end":{"line":11,"column":31}},"11":{"start":{"line":12,"column":0},"end":{"line":12,"column":44}},"12":{"start":{"line":13,"column":0},"end":{"line":13,"column":40}},"13":{"start":{"line":14,"column":0},"end":{"line":14,"column":31}},"14":{"start":{"line":15,"column":0},"end":{"line":15,"column":35}},"15":{"start":{"line":16,"column":0},"end":{"line":16,"column":29}},"16":{"start":{"line":17,"column":0},"end":{"line":17,"column":51}},"17":{"start":{"line":18,"column":0},"end":{"line":18,"column":39}},"18":{"start":{"line":19,"column":0},"end":{"line":19,"column":34}},"19":{"start":{"line":20,"column":0},"end":{"line":20,"column":55}},"20":{"start":{"line":23,"column":0},"end":{"line":23,"column":32}},"21":{"start":{"line":25,"column":0},"end":{"line":25,"column":38}},"22":{"start":{"line":27,"column":0},"end":{"line":27,"column":20}},"23":{"start":{"line":31,"column":0},"end":{"line":31,"column":42}},"24":{"start":{"line":34,"column":0},"end":{"line":34,"column":31}},"25":{"start":{"line":37,"column":0},"end":{"line":37,"column":31}},"26":{"start":{"line":40,"column":0},"end":{"line":40,"column":48}},"27":{"start":{"line":41,"column":0},"end":{"line":41,"column":30}},"28":{"start":{"line":45,"column":0},"end":{"line":45,"column":23}},"29":{"start":{"line":46,"column":0},"end":{"line":46,"column":42}},"30":{"start":{"line":47,"column":0},"end":{"line":47,"column":66}},"31":{"start":{"line":48,"column":0},"end":{"line":48,"column":24}},"32":{"start":{"line":51,"column":0},"end":{"line":56,"column":4}},"33":{"start":{"line":59,"column":0},"end":{"line":59,"column":31}},"34":{"start":{"line":60,"column":0},"end":{"line":60,"column":28}},"35":{"start":{"line":62,"column":0},"end":{"line":62,"column":50}},"36":{"start":{"line":64,"column":0},"end":{"line":64,"column":56}},"37":{"start":{"line":67,"column":0},"end":{"line":69,"column":4}},"38":{"start":{"line":72,"column":0},"end":{"line":72,"column":41}},"39":{"start":{"line":73,"column":0},"end":{"line":73,"column":15}},"40":{"start":{"line":76,"column":0},"end":{"line":80,"column":3}},"41":{"start":{"line":77,"column":2},"end":{"line":77,"column":35}},"42":{"start":{"line":78,"column":2},"end":{"line":78,"column":19}},"43":{"start":{"line":79,"column":2},"end":{"line":79,"column":12}},"44":{"start":{"line":86,"column":0},"end":{"line":94,"column":1}},"45":{"start":{"line":87,"column":2},"end":{"line":93,"column":5}},"46":{"start":{"line":88,"column":4},"end":{"line":92,"column":7}},"47":{"start":{"line":98,"column":0},"end":{"line":104,"column":3}},"48":{"start":{"line":99,"column":2},"end":{"line":103,"column":5}},"49":{"start":{"line":106,"column":0},"end":{"line":106,"column":21}}},"branchMap":{"1":{"line":86,"type":"if","locations":[{"start":{"line":86,"column":0},"end":{"line":86,"column":0}},{"start":{"line":86,"column":0},"end":{"line":86,"column":0}}]},"2":{"line":88,"type":"binary-expr","locations":[{"start":{"line":88,"column":15},"end":{"line":88,"column":25}},{"start":{"line":88,"column":29},"end":{"line":88,"column":32}}]},"3":{"line":99,"type":"binary-expr","locations":[{"start":{"line":99,"column":13},"end":{"line":99,"column":23}},{"start":{"line":99,"column":27},"end":{"line":99,"column":30}}]}}},"/Users/ale/apps/instaproud/lib/checkAuth.js":{"path":"/Users/ale/apps/instaproud/lib/checkAuth.js","s":{"1":1,"2":0,"3":0,"4":0},"b":{"1":[0,0]},"f":{"1":0},"fnMap":{"1":{"name":"checkAuth","line":2,"loc":{"start":{"line":2,"column":17},"end":{"line":2,"column":52}}}},"statementMap":{"1":{"start":{"line":2,"column":0},"end":{"line":8,"column":2}},"2":{"start":{"line":3,"column":3},"end":{"line":5,"column":3}},"3":{"start":{"line":4,"column":4},"end":{"line":4,"column":18}},"4":{"start":{"line":7,"column":2},"end":{"line":7,"column":57}}},"branchMap":{"1":{"line":3,"type":"if","locations":[{"start":{"line":3,"column":3},"end":{"line":3,"column":3}},{"start":{"line":3,"column":3},"end":{"line":3,"column":3}}]}}},"/Users/ale/apps/instaproud/routes/index.js":{"path":"/Users/ale/apps/instaproud/routes/index.js","s":{"1":1,"2":1,"3":1,"4":1,"5":1,"6":1,"7":1,"8":1,"9":1,"10":1,"11":0,"12":1,"13":0,"14":1,"15":1,"16":1,"17":1,"18":1,"19":1,"20":1,"21":1,"22":1},"b":{},"f":{"1":0,"2":0},"fnMap":{"1":{"name":"(anonymous_1)","line":12,"loc":{"start":{"line":12,"column":13},"end":{"line":12,"column":32}}},"2":{"name":"(anonymous_2)","line":16,"loc":{"start":{"line":16,"column":21},"end":{"line":16,"column":40}}}},"statementMap":{"1":{"start":{"line":2,"column":0},"end":{"line":2,"column":31}},"2":{"start":{"line":3,"column":0},"end":{"line":3,"column":49}},"3":{"start":{"line":4,"column":0},"end":{"line":4,"column":31}},"4":{"start":{"line":5,"column":0},"end":{"line":5,"column":33}},"5":{"start":{"line":6,"column":0},"end":{"line":6,"column":44}},"6":{"start":{"line":7,"column":0},"end":{"line":7,"column":48}},"7":{"start":{"line":8,"column":0},"end":{"line":8,"column":42}},"8":{"start":{"line":9,"column":0},"end":{"line":9,"column":37}},"9":{"start":{"line":10,"column":0},"end":{"line":10,"column":41}},"10":{"start":{"line":12,"column":0},"end":{"line":14,"column":3}},"11":{"start":{"line":13,"column":2},"end":{"line":13,"column":30}},"12":{"start":{"line":16,"column":0},"end":{"line":18,"column":3}},"13":{"start":{"line":17,"column":2},"end":{"line":17,"column":25}},"14":{"start":{"line":20,"column":0},"end":{"line":20,"column":24}},"15":{"start":{"line":21,"column":0},"end":{"line":21,"column":15}},"16":{"start":{"line":22,"column":0},"end":{"line":22,"column":16}},"17":{"start":{"line":23,"column":0},"end":{"line":23,"column":21}},"18":{"start":{"line":24,"column":0},"end":{"line":24,"column":23}},"19":{"start":{"line":25,"column":0},"end":{"line":25,"column":20}},"20":{"start":{"line":26,"column":0},"end":{"line":26,"column":18}},"21":{"start":{"line":27,"column":0},"end":{"line":27,"column":20}},"22":{"start":{"line":29,"column":0},"end":{"line":29,"column":21}}},"branchMap":{}},"/Users/ale/apps/instaproud/routes/authentication.js":{"path":"/Users/ale/apps/instaproud/routes/authentication.js","s":{"1":1,"2":1,"3":1,"4":1,"5":1,"6":1,"7":0,"8":1,"9":1,"10":0,"11":0,"12":0,"13":0,"14":1,"15":0,"16":0,"17":1},"b":{"1":[0,1],"2":[1,0],"3":[0,0]},"f":{"1":1,"2":1,"3":0,"4":0},"fnMap":{"1":{"name":"(anonymous_1)","line":5,"loc":{"start":{"line":5,"column":19},"end":{"line":5,"column":44}}},"2":{"name":"(anonymous_2)","line":8,"loc":{"start":{"line":8,"column":33},"end":{"line":8,"column":59}}},"3":{"name":"(anonymous_3)","line":13,"loc":{"start":{"line":13,"column":20},"end":{"line":13,"column":34}}},"4":{"name":"(anonymous_4)","line":21,"loc":{"start":{"line":21,"column":19},"end":{"line":21,"column":37}}}},"statementMap":{"1":{"start":{"line":2,"column":0},"end":{"line":2,"column":31}},"2":{"start":{"line":3,"column":0},"end":{"line":3,"column":35}},"3":{"start":{"line":5,"column":0},"end":{"line":19,"column":3}},"4":{"start":{"line":6,"column":2},"end":{"line":6,"column":22}},"5":{"start":{"line":8,"column":2},"end":{"line":17,"column":21}},"6":{"start":{"line":9,"column":4},"end":{"line":9,"column":30}},"7":{"start":{"line":9,"column":13},"end":{"line":9,"column":30}},"8":{"start":{"line":11,"column":4},"end":{"line":11,"column":41}},"9":{"start":{"line":11,"column":17},"end":{"line":11,"column":39}},"10":{"start":{"line":13,"column":4},"end":{"line":16,"column":7}},"11":{"start":{"line":14,"column":6},"end":{"line":14,"column":32}},"12":{"start":{"line":14,"column":15},"end":{"line":14,"column":32}},"13":{"start":{"line":15,"column":6},"end":{"line":15,"column":28}},"14":{"start":{"line":21,"column":0},"end":{"line":24,"column":3}},"15":{"start":{"line":22,"column":2},"end":{"line":22,"column":15}},"16":{"start":{"line":23,"column":2},"end":{"line":23,"column":26}},"17":{"start":{"line":26,"column":0},"end":{"line":26,"column":21}}},"branchMap":{"1":{"line":9,"type":"if","locations":[{"start":{"line":9,"column":4},"end":{"line":9,"column":4}},{"start":{"line":9,"column":4},"end":{"line":9,"column":4}}]},"2":{"line":11,"type":"if","locations":[{"start":{"line":11,"column":4},"end":{"line":11,"column":4}},{"start":{"line":11,"column":4},"end":{"line":11,"column":4}}]},"3":{"line":14,"type":"if","locations":[{"start":{"line":14,"column":6},"end":{"line":14,"column":6}},{"start":{"line":14,"column":6},"end":{"line":14,"column":6}}]}}},"/Users/ale/apps/instaproud/routes/users.js":{"path":"/Users/ale/apps/instaproud/routes/users.js","s":{"1":1,"2":1,"3":1,"4":1,"5":1,"6":1,"7":1,"8":1,"9":1,"10":2,"11":2,"12":2,"13":2,"14":1,"15":0,"16":1,"17":1,"18":1,"19":0,"20":1,"21":1,"22":0,"23":0,"24":0,"25":0,"26":0,"27":0,"28":0,"29":0,"30":0,"31":0,"32":0,"33":0,"34":0,"35":1,"36":0,"37":0,"38":0,"39":0,"40":0,"41":0,"42":0,"43":0,"44":0,"45":0,"46":0,"47":0,"48":0,"49":0,"50":0,"51":0,"52":0,"53":0,"54":0,"55":0,"56":0,"57":0,"58":0,"59":0,"60":0,"61":1,"62":0,"63":0,"64":0,"65":0,"66":0,"67":1,"68":0,"69":0,"70":0,"71":0,"72":0,"73":0,"74":0,"75":0,"76":0,"77":0,"78":1,"79":0,"80":0,"81":0,"82":0,"83":0,"84":0,"85":0,"86":0,"87":0,"88":0,"89":1,"90":0,"91":1},"b":{"1":[1,1],"2":[0,1],"3":[0,1],"4":[0,0],"5":[0,0],"6":[0,0],"7":[0,0],"8":[0,0],"9":[0,0],"10":[0,0],"11":[0,0],"12":[0,0],"13":[0,0],"14":[0,0],"15":[0,0],"16":[0,0],"17":[0,0],"18":[0,0]},"f":{"1":2,"2":2,"3":1,"4":0,"5":0,"6":0,"7":0,"8":0,"9":0,"10":0,"11":0,"12":0,"13":0,"14":0,"15":0,"16":0,"17":0,"18":0,"19":0,"20":0,"21":0,"22":0,"23":0},"fnMap":{"1":{"name":"(anonymous_1)","line":14,"loc":{"start":{"line":14,"column":8},"end":{"line":14,"column":33}}},"2":{"name":"(anonymous_2)","line":18,"loc":{"start":{"line":18,"column":18},"end":{"line":18,"column":38}}},"3":{"name":"(anonymous_3)","line":26,"loc":{"start":{"line":26,"column":22},"end":{"line":26,"column":36}}},"4":{"name":"(anonymous_4)","line":36,"loc":{"start":{"line":36,"column":7},"end":{"line":36,"column":26}}},"5":{"name":"(anonymous_5)","line":37,"loc":{"start":{"line":37,"column":33},"end":{"line":37,"column":53}}},"6":{"name":"(anonymous_6)","line":43,"loc":{"start":{"line":43,"column":7},"end":{"line":43,"column":26}}},"7":{"name":"(anonymous_7)","line":47,"loc":{"start":{"line":47,"column":58},"end":{"line":47,"column":78}}},"8":{"name":"(anonymous_8)","line":50,"loc":{"start":{"line":50,"column":30},"end":{"line":50,"column":57}}},"9":{"name":"(anonymous_9)","line":58,"loc":{"start":{"line":58,"column":29},"end":{"line":58,"column":54}}},"10":{"name":"(anonymous_10)","line":66,"loc":{"start":{"line":66,"column":23},"end":{"line":66,"column":43}}},"11":{"name":"(anonymous_11)","line":74,"loc":{"start":{"line":74,"column":45},"end":{"line":74,"column":59}}},"12":{"name":"(anonymous_12)","line":78,"loc":{"start":{"line":78,"column":36},"end":{"line":78,"column":56}}},"13":{"name":"(anonymous_13)","line":82,"loc":{"start":{"line":82,"column":37},"end":{"line":82,"column":65}}},"14":{"name":"(anonymous_14)","line":86,"loc":{"start":{"line":86,"column":41},"end":{"line":86,"column":61}}},"15":{"name":"(anonymous_15)","line":97,"loc":{"start":{"line":97,"column":32},"end":{"line":97,"column":51}}},"16":{"name":"(anonymous_16)","line":104,"loc":{"start":{"line":104,"column":8},"end":{"line":104,"column":29}}},"17":{"name":"(anonymous_17)","line":110,"loc":{"start":{"line":110,"column":39},"end":{"line":110,"column":64}}},"18":{"name":"(anonymous_18)","line":116,"loc":{"start":{"line":116,"column":8},"end":{"line":116,"column":28}}},"19":{"name":"(anonymous_19)","line":119,"loc":{"start":{"line":119,"column":36},"end":{"line":119,"column":56}}},"20":{"name":"(anonymous_20)","line":127,"loc":{"start":{"line":127,"column":39},"end":{"line":127,"column":64}}},"21":{"name":"(anonymous_21)","line":132,"loc":{"start":{"line":132,"column":37},"end":{"line":132,"column":57}}},"22":{"name":"(anonymous_22)","line":135,"loc":{"start":{"line":135,"column":37},"end":{"line":135,"column":57}}},"23":{"name":"(anonymous_23)","line":143,"loc":{"start":{"line":143,"column":29},"end":{"line":143,"column":47}}}},"statementMap":{"1":{"start":{"line":2,"column":0},"end":{"line":2,"column":31}},"2":{"start":{"line":3,"column":0},"end":{"line":3,"column":37}},"3":{"start":{"line":4,"column":0},"end":{"line":4,"column":54}},"4":{"start":{"line":5,"column":0},"end":{"line":5,"column":56}},"5":{"start":{"line":6,"column":0},"end":{"line":6,"column":48}},"6":{"start":{"line":8,"column":0},"end":{"line":8,"column":72}},"7":{"start":{"line":9,"column":0},"end":{"line":9,"column":64}},"8":{"start":{"line":10,"column":0},"end":{"line":10,"column":55}},"9":{"start":{"line":12,"column":0},"end":{"line":32,"column":5}},"10":{"start":{"line":15,"column":4},"end":{"line":15,"column":24}},"11":{"start":{"line":16,"column":4},"end":{"line":16,"column":33}},"12":{"start":{"line":18,"column":4},"end":{"line":31,"column":7}},"13":{"start":{"line":19,"column":6},"end":{"line":24,"column":7}},"14":{"start":{"line":20,"column":8},"end":{"line":22,"column":9}},"15":{"start":{"line":21,"column":10},"end":{"line":21,"column":50}},"16":{"start":{"line":23,"column":8},"end":{"line":23,"column":83}},"17":{"start":{"line":26,"column":6},"end":{"line":29,"column":9}},"18":{"start":{"line":27,"column":8},"end":{"line":27,"column":38}},"19":{"start":{"line":27,"column":19},"end":{"line":27,"column":36}},"20":{"start":{"line":28,"column":8},"end":{"line":28,"column":30}},"21":{"start":{"line":34,"column":0},"end":{"line":56,"column":5}},"22":{"start":{"line":37,"column":4},"end":{"line":40,"column":7}},"23":{"start":{"line":38,"column":6},"end":{"line":38,"column":40}},"24":{"start":{"line":38,"column":14},"end":{"line":38,"column":40}},"25":{"start":{"line":39,"column":6},"end":{"line":39,"column":21}},"26":{"start":{"line":44,"column":4},"end":{"line":44,"column":24}},"27":{"start":{"line":45,"column":4},"end":{"line":45,"column":27}},"28":{"start":{"line":47,"column":4},"end":{"line":55,"column":7}},"29":{"start":{"line":48,"column":6},"end":{"line":48,"column":47}},"30":{"start":{"line":48,"column":14},"end":{"line":48,"column":47}},"31":{"start":{"line":50,"column":6},"end":{"line":53,"column":9}},"32":{"start":{"line":51,"column":8},"end":{"line":51,"column":34}},"33":{"start":{"line":51,"column":17},"end":{"line":51,"column":34}},"34":{"start":{"line":52,"column":8},"end":{"line":52,"column":38}},"35":{"start":{"line":58,"column":0},"end":{"line":95,"column":3}},"36":{"start":{"line":59,"column":2},"end":{"line":59,"column":28}},"37":{"start":{"line":60,"column":2},"end":{"line":60,"column":43}},"38":{"start":{"line":61,"column":2},"end":{"line":61,"column":24}},"39":{"start":{"line":62,"column":2},"end":{"line":62,"column":11}},"40":{"start":{"line":63,"column":2},"end":{"line":63,"column":13}},"41":{"start":{"line":64,"column":2},"end":{"line":64,"column":11}},"42":{"start":{"line":66,"column":2},"end":{"line":94,"column":5}},"43":{"start":{"line":67,"column":4},"end":{"line":67,"column":30}},"44":{"start":{"line":67,"column":13},"end":{"line":67,"column":30}},"45":{"start":{"line":69,"column":4},"end":{"line":69,"column":47}},"46":{"start":{"line":70,"column":4},"end":{"line":70,"column":41}},"47":{"start":{"line":71,"column":4},"end":{"line":71,"column":31}},"48":{"start":{"line":74,"column":4},"end":{"line":93,"column":7}},"49":{"start":{"line":75,"column":6},"end":{"line":75,"column":32}},"50":{"start":{"line":75,"column":15},"end":{"line":75,"column":32}},"51":{"start":{"line":78,"column":6},"end":{"line":92,"column":9}},"52":{"start":{"line":79,"column":8},"end":{"line":79,"column":34}},"53":{"start":{"line":79,"column":17},"end":{"line":79,"column":34}},"54":{"start":{"line":82,"column":8},"end":{"line":91,"column":11}},"55":{"start":{"line":83,"column":10},"end":{"line":83,"column":36}},"56":{"start":{"line":83,"column":19},"end":{"line":83,"column":36}},"57":{"start":{"line":86,"column":10},"end":{"line":90,"column":13}},"58":{"start":{"line":87,"column":12},"end":{"line":87,"column":38}},"59":{"start":{"line":87,"column":21},"end":{"line":87,"column":38}},"60":{"start":{"line":89,"column":12},"end":{"line":89,"column":42}},"61":{"start":{"line":97,"column":0},"end":{"line":108,"column":3}},"62":{"start":{"line":98,"column":2},"end":{"line":98,"column":31}},"63":{"start":{"line":100,"column":2},"end":{"line":107,"column":5}},"64":{"start":{"line":105,"column":4},"end":{"line":105,"column":23}},"65":{"start":{"line":105,"column":13},"end":{"line":105,"column":23}},"66":{"start":{"line":106,"column":4},"end":{"line":106,"column":27}},"67":{"start":{"line":110,"column":0},"end":{"line":125,"column":3}},"68":{"start":{"line":111,"column":2},"end":{"line":111,"column":37}},"69":{"start":{"line":112,"column":2},"end":{"line":112,"column":55}},"70":{"start":{"line":113,"column":2},"end":{"line":113,"column":11}},"71":{"start":{"line":115,"column":2},"end":{"line":124,"column":5}},"72":{"start":{"line":117,"column":4},"end":{"line":117,"column":65}},"73":{"start":{"line":117,"column":13},"end":{"line":117,"column":65}},"74":{"start":{"line":119,"column":4},"end":{"line":122,"column":7}},"75":{"start":{"line":120,"column":6},"end":{"line":120,"column":32}},"76":{"start":{"line":120,"column":15},"end":{"line":120,"column":32}},"77":{"start":{"line":121,"column":6},"end":{"line":121,"column":28}},"78":{"start":{"line":127,"column":0},"end":{"line":141,"column":3}},"79":{"start":{"line":128,"column":2},"end":{"line":128,"column":37}},"80":{"start":{"line":129,"column":2},"end":{"line":129,"column":55}},"81":{"start":{"line":130,"column":2},"end":{"line":130,"column":11}},"82":{"start":{"line":132,"column":2},"end":{"line":139,"column":5}},"83":{"start":{"line":133,"column":4},"end":{"line":133,"column":65}},"84":{"start":{"line":133,"column":13},"end":{"line":133,"column":65}},"85":{"start":{"line":135,"column":4},"end":{"line":138,"column":7}},"86":{"start":{"line":136,"column":6},"end":{"line":136,"column":32}},"87":{"start":{"line":136,"column":15},"end":{"line":136,"column":32}},"88":{"start":{"line":137,"column":6},"end":{"line":137,"column":28}},"89":{"start":{"line":143,"column":0},"end":{"line":145,"column":3}},"90":{"start":{"line":144,"column":2},"end":{"line":144,"column":28}},"91":{"start":{"line":147,"column":0},"end":{"line":147,"column":21}}},"branchMap":{"1":{"line":19,"type":"if","locations":[{"start":{"line":19,"column":6},"end":{"line":19,"column":6}},{"start":{"line":19,"column":6},"end":{"line":19,"column":6}}]},"2":{"line":20,"type":"if","locations":[{"start":{"line":20,"column":8},"end":{"line":20,"column":8}},{"start":{"line":20,"column":8},"end":{"line":20,"column":8}}]},"3":{"line":27,"type":"if","locations":[{"start":{"line":27,"column":8},"end":{"line":27,"column":8}},{"start":{"line":27,"column":8},"end":{"line":27,"column":8}}]},"4":{"line":38,"type":"if","locations":[{"start":{"line":38,"column":6},"end":{"line":38,"column":6}},{"start":{"line":38,"column":6},"end":{"line":38,"column":6}}]},"5":{"line":48,"type":"if","locations":[{"start":{"line":48,"column":6},"end":{"line":48,"column":6}},{"start":{"line":48,"column":6},"end":{"line":48,"column":6}}]},"6":{"line":51,"type":"if","locations":[{"start":{"line":51,"column":8},"end":{"line":51,"column":8}},{"start":{"line":51,"column":8},"end":{"line":51,"column":8}}]},"7":{"line":67,"type":"if","locations":[{"start":{"line":67,"column":4},"end":{"line":67,"column":4}},{"start":{"line":67,"column":4},"end":{"line":67,"column":4}}]},"8":{"line":75,"type":"if","locations":[{"start":{"line":75,"column":6},"end":{"line":75,"column":6}},{"start":{"line":75,"column":6},"end":{"line":75,"column":6}}]},"9":{"line":79,"type":"if","locations":[{"start":{"line":79,"column":8},"end":{"line":79,"column":8}},{"start":{"line":79,"column":8},"end":{"line":79,"column":8}}]},"10":{"line":83,"type":"if","locations":[{"start":{"line":83,"column":10},"end":{"line":83,"column":10}},{"start":{"line":83,"column":10},"end":{"line":83,"column":10}}]},"11":{"line":87,"type":"if","locations":[{"start":{"line":87,"column":12},"end":{"line":87,"column":12}},{"start":{"line":87,"column":12},"end":{"line":87,"column":12}}]},"12":{"line":105,"type":"if","locations":[{"start":{"line":105,"column":4},"end":{"line":105,"column":4}},{"start":{"line":105,"column":4},"end":{"line":105,"column":4}}]},"13":{"line":112,"type":"binary-expr","locations":[{"start":{"line":112,"column":19},"end":{"line":112,"column":49}},{"start":{"line":112,"column":53},"end":{"line":112,"column":54}}]},"14":{"line":117,"type":"if","locations":[{"start":{"line":117,"column":4},"end":{"line":117,"column":4}},{"start":{"line":117,"column":4},"end":{"line":117,"column":4}}]},"15":{"line":120,"type":"if","locations":[{"start":{"line":120,"column":6},"end":{"line":120,"column":6}},{"start":{"line":120,"column":6},"end":{"line":120,"column":6}}]},"16":{"line":129,"type":"binary-expr","locations":[{"start":{"line":129,"column":19},"end":{"line":129,"column":49}},{"start":{"line":129,"column":53},"end":{"line":129,"column":54}}]},"17":{"line":133,"type":"if","locations":[{"start":{"line":133,"column":4},"end":{"line":133,"column":4}},{"start":{"line":133,"column":4},"end":{"line":133,"column":4}}]},"18":{"line":136,"type":"if","locations":[{"start":{"line":136,"column":6},"end":{"line":136,"column":6}},{"start":{"line":136,"column":6},"end":{"line":136,"column":6}}]}}},"/Users/ale/apps/instaproud/models/user.js":{"path":"/Users/ale/apps/instaproud/models/user.js","s":{"1":1,"2":1,"3":1,"4":1,"5":1,"6":1,"7":1,"8":1,"9":1,"10":1,"11":1,"12":1,"13":1,"14":1,"15":1,"16":1,"17":0,"18":0,"19":1,"20":2,"21":2,"22":2,"23":2,"24":2,"25":2,"26":2,"27":2,"28":2,"29":1,"30":1,"31":1,"32":1},"b":{},"f":{"1":1,"2":0,"3":2,"4":2,"5":2},"fnMap":{"1":{"name":"(anonymous_1)","line":48,"loc":{"start":{"line":48,"column":13},"end":{"line":48,"column":42}}},"2":{"name":"(anonymous_2)","line":59,"loc":{"start":{"line":59,"column":35},"end":{"line":59,"column":54}}},"3":{"name":"(anonymous_3)","line":64,"loc":{"start":{"line":64,"column":23},"end":{"line":64,"column":38}}},"4":{"name":"(anonymous_4)","line":69,"loc":{"start":{"line":69,"column":21},"end":{"line":69,"column":41}}},"5":{"name":"(anonymous_5)","line":70,"loc":{"start":{"line":70,"column":37},"end":{"line":70,"column":57}}}},"statementMap":{"1":{"start":{"line":2,"column":0},"end":{"line":2,"column":34}},"2":{"start":{"line":3,"column":0},"end":{"line":3,"column":35}},"3":{"start":{"line":4,"column":0},"end":{"line":4,"column":29}},"4":{"start":{"line":5,"column":0},"end":{"line":5,"column":31}},"5":{"start":{"line":6,"column":0},"end":{"line":6,"column":15}},"6":{"start":{"line":7,"column":0},"end":{"line":7,"column":9}},"7":{"start":{"line":9,"column":0},"end":{"line":45,"column":3}},"8":{"start":{"line":47,"column":0},"end":{"line":57,"column":3}},"9":{"start":{"line":49,"column":4},"end":{"line":49,"column":21}},"10":{"start":{"line":50,"column":4},"end":{"line":50,"column":24}},"11":{"start":{"line":51,"column":4},"end":{"line":51,"column":23}},"12":{"start":{"line":52,"column":4},"end":{"line":52,"column":23}},"13":{"start":{"line":53,"column":4},"end":{"line":53,"column":20}},"14":{"start":{"line":54,"column":4},"end":{"line":54,"column":19}},"15":{"start":{"line":55,"column":4},"end":{"line":55,"column":19}},"16":{"start":{"line":59,"column":0},"end":{"line":62,"column":2}},"17":{"start":{"line":60,"column":2},"end":{"line":60,"column":18}},"18":{"start":{"line":61,"column":2},"end":{"line":61,"column":54}},"19":{"start":{"line":64,"column":0},"end":{"line":76,"column":3}},"20":{"start":{"line":65,"column":2},"end":{"line":65,"column":18}},"21":{"start":{"line":66,"column":2},"end":{"line":66,"column":39}},"22":{"start":{"line":67,"column":2},"end":{"line":67,"column":30}},"23":{"start":{"line":68,"column":2},"end":{"line":68,"column":26}},"24":{"start":{"line":69,"column":2},"end":{"line":75,"column":5}},"25":{"start":{"line":70,"column":4},"end":{"line":74,"column":7}},"26":{"start":{"line":71,"column":6},"end":{"line":71,"column":23}},"27":{"start":{"line":72,"column":6},"end":{"line":72,"column":27}},"28":{"start":{"line":73,"column":6},"end":{"line":73,"column":13}},"29":{"start":{"line":78,"column":0},"end":{"line":78,"column":42}},"30":{"start":{"line":79,"column":0},"end":{"line":79,"column":27}},"31":{"start":{"line":80,"column":0},"end":{"line":80,"column":37}},"32":{"start":{"line":82,"column":0},"end":{"line":82,"column":22}}},"branchMap":{}},"/Users/ale/apps/instaproud/lib/photos/by_owner.js":{"path":"/Users/ale/apps/instaproud/lib/photos/by_owner.js","s":{"1":1,"2":1,"3":0,"4":0,"5":0,"6":0,"7":0,"8":0},"b":{"1":[0,0]},"f":{"1":0,"2":0},"fnMap":{"1":{"name":"byOwnerId","line":11,"loc":{"start":{"line":11,"column":17},"end":{"line":11,"column":60}}},"2":{"name":"(anonymous_2)","line":18,"loc":{"start":{"line":18,"column":8},"end":{"line":18,"column":30}}}},"statementMap":{"1":{"start":{"line":2,"column":0},"end":{"line":2,"column":45}},"2":{"start":{"line":11,"column":0},"end":{"line":23,"column":2}},"3":{"start":{"line":12,"column":2},"end":{"line":12,"column":11}},"4":{"start":{"line":14,"column":2},"end":{"line":22,"column":5}},"5":{"start":{"line":19,"column":4},"end":{"line":19,"column":30}},"6":{"start":{"line":19,"column":13},"end":{"line":19,"column":30}},"7":{"start":{"line":20,"column":4},"end":{"line":20,"column":40}},"8":{"start":{"line":21,"column":4},"end":{"line":21,"column":28}}},"branchMap":{"1":{"line":19,"type":"if","locations":[{"start":{"line":19,"column":4},"end":{"line":19,"column":4}},{"start":{"line":19,"column":4},"end":{"line":19,"column":4}}]}}},"/Users/ale/apps/instaproud/models/photo.js":{"path":"/Users/ale/apps/instaproud/models/photo.js","s":{"1":1,"2":1,"3":1,"4":1,"5":1,"6":1,"7":1,"8":0,"9":0,"10":0,"11":1,"12":0,"13":0,"14":0,"15":1,"16":1,"17":1,"18":1},"b":{},"f":{"1":0,"2":0},"fnMap":{"1":{"name":"(anonymous_1)","line":45,"loc":{"start":{"line":45,"column":13},"end":{"line":45,"column":42}}},"2":{"name":"(anonymous_2)","line":52,"loc":{"start":{"line":52,"column":24},"end":{"line":52,"column":39}}}},"statementMap":{"1":{"start":{"line":2,"column":0},"end":{"line":2,"column":34}},"2":{"start":{"line":3,"column":0},"end":{"line":3,"column":35}},"3":{"start":{"line":4,"column":0},"end":{"line":4,"column":29}},"4":{"start":{"line":5,"column":0},"end":{"line":5,"column":16}},"5":{"start":{"line":6,"column":0},"end":{"line":6,"column":10}},"6":{"start":{"line":8,"column":0},"end":{"line":42,"column":3}},"7":{"start":{"line":44,"column":0},"end":{"line":50,"column":3}},"8":{"start":{"line":46,"column":3},"end":{"line":46,"column":20}},"9":{"start":{"line":47,"column":3},"end":{"line":47,"column":18}},"10":{"start":{"line":48,"column":3},"end":{"line":48,"column":18}},"11":{"start":{"line":52,"column":0},"end":{"line":56,"column":3}},"12":{"start":{"line":53,"column":2},"end":{"line":53,"column":18}},"13":{"start":{"line":54,"column":2},"end":{"line":54,"column":26}},"14":{"start":{"line":55,"column":2},"end":{"line":55,"column":9}},"15":{"start":{"line":58,"column":0},"end":{"line":58,"column":45}},"16":{"start":{"line":60,"column":0},"end":{"line":60,"column":28}},"17":{"start":{"line":61,"column":0},"end":{"line":61,"column":38}},"18":{"start":{"line":62,"column":0},"end":{"line":62,"column":23}}},"branchMap":{}},"/Users/ale/apps/instaproud/lib/photos/by_tagged.js":{"path":"/Users/ale/apps/instaproud/lib/photos/by_tagged.js","s":{"1":1,"2":1,"3":0,"4":0,"5":0,"6":0,"7":0,"8":0},"b":{"1":[0,0]},"f":{"1":0,"2":0},"fnMap":{"1":{"name":"byTagged","line":11,"loc":{"start":{"line":11,"column":17},"end":{"line":11,"column":59}}},"2":{"name":"(anonymous_2)","line":18,"loc":{"start":{"line":18,"column":8},"end":{"line":18,"column":30}}}},"statementMap":{"1":{"start":{"line":2,"column":0},"end":{"line":2,"column":45}},"2":{"start":{"line":11,"column":0},"end":{"line":23,"column":2}},"3":{"start":{"line":12,"column":2},"end":{"line":12,"column":11}},"4":{"start":{"line":14,"column":2},"end":{"line":22,"column":5}},"5":{"start":{"line":19,"column":4},"end":{"line":19,"column":23}},"6":{"start":{"line":19,"column":13},"end":{"line":19,"column":23}},"7":{"start":{"line":20,"column":4},"end":{"line":20,"column":40}},"8":{"start":{"line":21,"column":4},"end":{"line":21,"column":28}}},"branchMap":{"1":{"line":19,"type":"if","locations":[{"start":{"line":19,"column":4},"end":{"line":19,"column":4}},{"start":{"line":19,"column":4},"end":{"line":19,"column":4}}]}}},"/Users/ale/apps/instaproud/lib/createName.js":{"path":"/Users/ale/apps/instaproud/lib/createName.js","s":{"1":1,"2":1,"3":0,"4":0,"5":0,"6":0,"7":0,"8":0,"9":0},"b":{"1":[0,0]},"f":{"1":0},"fnMap":{"1":{"name":"createHash","line":4,"loc":{"start":{"line":4,"column":17},"end":{"line":4,"column":48}}}},"statementMap":{"1":{"start":{"line":2,"column":0},"end":{"line":2,"column":31}},"2":{"start":{"line":4,"column":0},"end":{"line":15,"column":1}},"3":{"start":{"line":5,"column":2},"end":{"line":5,"column":55}},"4":{"start":{"line":6,"column":2},"end":{"line":6,"column":74}},"5":{"start":{"line":7,"column":2},"end":{"line":7,"column":10}},"6":{"start":{"line":9,"column":2},"end":{"line":12,"column":3}},"7":{"start":{"line":10,"column":4},"end":{"line":10,"column":37}},"8":{"start":{"line":11,"column":4},"end":{"line":11,"column":21}},"9":{"start":{"line":14,"column":2},"end":{"line":14,"column":26}}},"branchMap":{"1":{"line":9,"type":"if","locations":[{"start":{"line":9,"column":2},"end":{"line":9,"column":2}},{"start":{"line":9,"column":2},"end":{"line":9,"column":2}}]}}},"/Users/ale/apps/instaproud/lib/users/process_profile_image.js":{"path":"/Users/ale/apps/instaproud/lib/users/process_profile_image.js","s":{"1":1,"2":1,"3":1,"4":0,"5":0,"6":0,"7":0,"8":0,"9":0,"10":0,"11":0,"12":0,"13":0},"b":{"1":[0,0],"2":[0,0],"3":[0,0]},"f":{"1":0,"2":0,"3":0,"4":0},"fnMap":{"1":{"name":"processProfileImage","line":5,"loc":{"start":{"line":5,"column":17},"end":{"line":5,"column":71}}},"2":{"name":"(anonymous_2)","line":7,"loc":{"start":{"line":7,"column":20},"end":{"line":7,"column":34}}},"3":{"name":"(anonymous_3)","line":12,"loc":{"start":{"line":12,"column":18},"end":{"line":12,"column":32}}},"4":{"name":"(anonymous_4)","line":15,"loc":{"start":{"line":15,"column":26},"end":{"line":15,"column":40}}}},"statementMap":{"1":{"start":{"line":2,"column":0},"end":{"line":2,"column":29}},"2":{"start":{"line":3,"column":0},"end":{"line":3,"column":29}},"3":{"start":{"line":5,"column":0},"end":{"line":22,"column":1}},"4":{"start":{"line":7,"column":2},"end":{"line":21,"column":5}},"5":{"start":{"line":8,"column":4},"end":{"line":8,"column":29}},"6":{"start":{"line":8,"column":12},"end":{"line":8,"column":29}},"7":{"start":{"line":9,"column":4},"end":{"line":20,"column":7}},"8":{"start":{"line":13,"column":6},"end":{"line":13,"column":32}},"9":{"start":{"line":13,"column":15},"end":{"line":13,"column":32}},"10":{"start":{"line":15,"column":6},"end":{"line":18,"column":9}},"11":{"start":{"line":16,"column":8},"end":{"line":16,"column":34}},"12":{"start":{"line":16,"column":17},"end":{"line":16,"column":34}},"13":{"start":{"line":17,"column":8},"end":{"line":17,"column":26}}},"branchMap":{"1":{"line":8,"type":"if","locations":[{"start":{"line":8,"column":4},"end":{"line":8,"column":4}},{"start":{"line":8,"column":4},"end":{"line":8,"column":4}}]},"2":{"line":13,"type":"if","locations":[{"start":{"line":13,"column":6},"end":{"line":13,"column":6}},{"start":{"line":13,"column":6},"end":{"line":13,"column":6}}]},"3":{"line":16,"type":"if","locations":[{"start":{"line":16,"column":8},"end":{"line":16,"column":8}},{"start":{"line":16,"column":8},"end":{"line":16,"column":8}}]}}},"/Users/ale/apps/instaproud/lib/users/add_profile_image.js":{"path":"/Users/ale/apps/instaproud/lib/users/add_profile_image.js","s":{"1":1,"2":1,"3":0,"4":0,"5":0,"6":0},"b":{"1":[0,0]},"f":{"1":0,"2":0},"fnMap":{"1":{"name":"addProfileImage","line":4,"loc":{"start":{"line":4,"column":17},"end":{"line":4,"column":74}}},"2":{"name":"(anonymous_2)","line":6,"loc":{"start":{"line":6,"column":74},"end":{"line":6,"column":94}}}},"statementMap":{"1":{"start":{"line":2,"column":0},"end":{"line":2,"column":40}},"2":{"start":{"line":4,"column":0},"end":{"line":12,"column":1}},"3":{"start":{"line":6,"column":2},"end":{"line":10,"column":5}},"4":{"start":{"line":7,"column":4},"end":{"line":7,"column":30}},"5":{"start":{"line":7,"column":13},"end":{"line":7,"column":30}},"6":{"start":{"line":9,"column":4},"end":{"line":9,"column":28}}},"branchMap":{"1":{"line":7,"type":"if","locations":[{"start":{"line":7,"column":4},"end":{"line":7,"column":4}},{"start":{"line":7,"column":4},"end":{"line":7,"column":4}}]}}},"/Users/ale/apps/instaproud/lib/photos/upload_to_S3.js":{"path":"/Users/ale/apps/instaproud/lib/photos/upload_to_S3.js","s":{"1":1,"2":1,"3":1,"4":1,"5":1,"6":0,"7":0,"8":0,"9":0,"10":0,"11":0,"12":0,"13":0,"14":0,"15":0,"16":0},"b":{"1":[0,0],"2":[0,0]},"f":{"1":0,"2":0,"3":0},"fnMap":{"1":{"name":"uploadToS3","line":11,"loc":{"start":{"line":11,"column":17},"end":{"line":11,"column":57}}},"2":{"name":"(anonymous_2)","line":17,"loc":{"start":{"line":17,"column":20},"end":{"line":17,"column":40}}},"3":{"name":"(anonymous_3)","line":26,"loc":{"start":{"line":26,"column":25},"end":{"line":26,"column":45}}}},"statementMap":{"1":{"start":{"line":2,"column":0},"end":{"line":2,"column":29}},"2":{"start":{"line":3,"column":0},"end":{"line":3,"column":29}},"3":{"start":{"line":4,"column":0},"end":{"line":4,"column":48}},"4":{"start":{"line":6,"column":0},"end":{"line":9,"column":3}},"5":{"start":{"line":11,"column":0},"end":{"line":34,"column":1}},"6":{"start":{"line":12,"column":2},"end":{"line":12,"column":63}},"7":{"start":{"line":14,"column":2},"end":{"line":14,"column":61}},"8":{"start":{"line":15,"column":2},"end":{"line":15,"column":13}},"9":{"start":{"line":17,"column":2},"end":{"line":32,"column":5}},"10":{"start":{"line":18,"column":4},"end":{"line":18,"column":29}},"11":{"start":{"line":18,"column":12},"end":{"line":18,"column":29}},"12":{"start":{"line":20,"column":4},"end":{"line":24,"column":6}},"13":{"start":{"line":26,"column":4},"end":{"line":30,"column":7}},"14":{"start":{"line":27,"column":6},"end":{"line":27,"column":32}},"15":{"start":{"line":27,"column":15},"end":{"line":27,"column":32}},"16":{"start":{"line":29,"column":6},"end":{"line":29,"column":30}}},"branchMap":{"1":{"line":18,"type":"if","locations":[{"start":{"line":18,"column":4},"end":{"line":18,"column":4}},{"start":{"line":18,"column":4},"end":{"line":18,"column":4}}]},"2":{"line":27,"type":"if","locations":[{"start":{"line":27,"column":6},"end":{"line":27,"column":6}},{"start":{"line":27,"column":6},"end":{"line":27,"column":6}}]}}},"/Users/ale/apps/instaproud/config/s3.js":{"path":"/Users/ale/apps/instaproud/config/s3.js","s":{"1":1},"b":{},"f":{},"fnMap":{},"statementMap":{"1":{"start":{"line":1,"column":0},"end":{"line":5,"column":2}}},"branchMap":{}},"/Users/ale/apps/instaproud/routes/photos.js":{"path":"/Users/ale/apps/instaproud/routes/photos.js","s":{"1":1,"2":1,"3":1,"4":1,"5":1,"6":1,"7":1,"8":1,"9":1,"10":1,"11":0,"12":0,"13":0,"14":0,"15":0,"16":0,"17":1,"18":0,"19":0,"20":0,"21":0,"22":0,"23":0,"24":1,"25":0,"26":0,"27":0,"28":0,"29":0,"30":1,"31":0,"32":0,"33":0,"34":0,"35":0,"36":0,"37":0,"38":1,"39":0,"40":0,"41":0,"42":0,"43":0,"44":0,"45":1,"46":0,"47":0,"48":0,"49":0,"50":1,"51":0,"52":0,"53":0,"54":0,"55":0,"56":0,"57":1},"b":{"1":[0,0],"2":[0,0],"3":[0,0],"4":[0,0],"5":[0,0],"6":[0,0],"7":[0,0]},"f":{"1":0,"2":0,"3":0,"4":0,"5":0,"6":0,"7":0,"8":0,"9":0,"10":0,"11":0,"12":0,"13":0,"14":0},"fnMap":{"1":{"name":"(anonymous_1)","line":12,"loc":{"start":{"line":12,"column":23},"end":{"line":12,"column":48}}},"2":{"name":"(anonymous_2)","line":16,"loc":{"start":{"line":16,"column":35},"end":{"line":16,"column":57}}},"3":{"name":"(anonymous_3)","line":22,"loc":{"start":{"line":22,"column":24},"end":{"line":22,"column":49}}},"4":{"name":"(anonymous_4)","line":30,"loc":{"start":{"line":30,"column":14},"end":{"line":30,"column":35}}},"5":{"name":"(anonymous_5)","line":37,"loc":{"start":{"line":37,"column":27},"end":{"line":37,"column":52}}},"6":{"name":"(anonymous_6)","line":40,"loc":{"start":{"line":40,"column":11},"end":{"line":40,"column":32}}},"7":{"name":"(anonymous_7)","line":47,"loc":{"start":{"line":47,"column":27},"end":{"line":47,"column":52}}},"8":{"name":"(anonymous_8)","line":52,"loc":{"start":{"line":52,"column":40},"end":{"line":52,"column":61}}},"9":{"name":"(anonymous_9)","line":59,"loc":{"start":{"line":59,"column":33},"end":{"line":59,"column":58}}},"10":{"name":"(anonymous_10)","line":63,"loc":{"start":{"line":63,"column":27},"end":{"line":63,"column":47}}},"11":{"name":"(anonymous_11)","line":69,"loc":{"start":{"line":69,"column":31},"end":{"line":69,"column":56}}},"12":{"name":"(anonymous_12)","line":73,"loc":{"start":{"line":73,"column":21},"end":{"line":73,"column":41}}},"13":{"name":"(anonymous_13)","line":79,"loc":{"start":{"line":79,"column":31},"end":{"line":79,"column":56}}},"14":{"name":"(anonymous_14)","line":85,"loc":{"start":{"line":85,"column":41},"end":{"line":85,"column":57}}}},"statementMap":{"1":{"start":{"line":2,"column":0},"end":{"line":2,"column":31}},"2":{"start":{"line":3,"column":0},"end":{"line":3,"column":51}},"3":{"start":{"line":4,"column":0},"end":{"line":4,"column":47}},"4":{"start":{"line":5,"column":0},"end":{"line":5,"column":48}},"5":{"start":{"line":6,"column":0},"end":{"line":6,"column":66}},"6":{"start":{"line":7,"column":0},"end":{"line":7,"column":66}},"7":{"start":{"line":8,"column":0},"end":{"line":8,"column":53}},"8":{"start":{"line":9,"column":0},"end":{"line":9,"column":52}},"9":{"start":{"line":10,"column":0},"end":{"line":10,"column":53}},"10":{"start":{"line":12,"column":0},"end":{"line":20,"column":3}},"11":{"start":{"line":13,"column":2},"end":{"line":13,"column":55}},"12":{"start":{"line":14,"column":2},"end":{"line":14,"column":59}},"13":{"start":{"line":16,"column":2},"end":{"line":19,"column":5}},"14":{"start":{"line":17,"column":4},"end":{"line":17,"column":30}},"15":{"start":{"line":17,"column":13},"end":{"line":17,"column":30}},"16":{"start":{"line":18,"column":4},"end":{"line":18,"column":28}},"17":{"start":{"line":22,"column":0},"end":{"line":35,"column":3}},"18":{"start":{"line":23,"column":2},"end":{"line":23,"column":25}},"19":{"start":{"line":25,"column":2},"end":{"line":28,"column":4}},"20":{"start":{"line":30,"column":2},"end":{"line":33,"column":5}},"21":{"start":{"line":31,"column":4},"end":{"line":31,"column":39}},"22":{"start":{"line":31,"column":13},"end":{"line":31,"column":39}},"23":{"start":{"line":32,"column":4},"end":{"line":32,"column":39}},"24":{"start":{"line":37,"column":0},"end":{"line":45,"column":2}},"25":{"start":{"line":38,"column":2},"end":{"line":38,"column":25}},"26":{"start":{"line":40,"column":2},"end":{"line":43,"column":5}},"27":{"start":{"line":41,"column":4},"end":{"line":41,"column":30}},"28":{"start":{"line":41,"column":13},"end":{"line":41,"column":30}},"29":{"start":{"line":42,"column":4},"end":{"line":42,"column":27}},"30":{"start":{"line":47,"column":0},"end":{"line":57,"column":3}},"31":{"start":{"line":48,"column":2},"end":{"line":48,"column":30}},"32":{"start":{"line":49,"column":2},"end":{"line":49,"column":22}},"33":{"start":{"line":50,"column":2},"end":{"line":50,"column":29}},"34":{"start":{"line":52,"column":2},"end":{"line":55,"column":5}},"35":{"start":{"line":53,"column":4},"end":{"line":53,"column":46}},"36":{"start":{"line":53,"column":13},"end":{"line":53,"column":46}},"37":{"start":{"line":54,"column":4},"end":{"line":54,"column":39}},"38":{"start":{"line":59,"column":0},"end":{"line":67,"column":3}},"39":{"start":{"line":60,"column":2},"end":{"line":60,"column":38}},"40":{"start":{"line":61,"column":2},"end":{"line":61,"column":22}},"41":{"start":{"line":63,"column":2},"end":{"line":66,"column":5}},"42":{"start":{"line":64,"column":4},"end":{"line":64,"column":30}},"43":{"start":{"line":64,"column":13},"end":{"line":64,"column":30}},"44":{"start":{"line":65,"column":4},"end":{"line":65,"column":26}},"45":{"start":{"line":69,"column":0},"end":{"line":77,"column":3}},"46":{"start":{"line":70,"column":2},"end":{"line":70,"column":22}},"47":{"start":{"line":71,"column":2},"end":{"line":71,"column":47}},"48":{"start":{"line":73,"column":2},"end":{"line":75,"column":5}},"49":{"start":{"line":74,"column":4},"end":{"line":74,"column":33}},"50":{"start":{"line":79,"column":0},"end":{"line":89,"column":3}},"51":{"start":{"line":80,"column":2},"end":{"line":80,"column":39}},"52":{"start":{"line":81,"column":2},"end":{"line":81,"column":45}},"53":{"start":{"line":82,"column":2},"end":{"line":82,"column":31}},"54":{"start":{"line":83,"column":2},"end":{"line":83,"column":22}},"55":{"start":{"line":85,"column":2},"end":{"line":87,"column":5}},"56":{"start":{"line":86,"column":4},"end":{"line":86,"column":36}},"57":{"start":{"line":91,"column":0},"end":{"line":91,"column":21}}},"branchMap":{"1":{"line":13,"type":"binary-expr","locations":[{"start":{"line":13,"column":19},"end":{"line":13,"column":49}},{"start":{"line":13,"column":53},"end":{"line":13,"column":54}}]},"2":{"line":14,"type":"binary-expr","locations":[{"start":{"line":14,"column":21},"end":{"line":14,"column":53}},{"start":{"line":14,"column":57},"end":{"line":14,"column":58}}]},"3":{"line":17,"type":"if","locations":[{"start":{"line":17,"column":4},"end":{"line":17,"column":4}},{"start":{"line":17,"column":4},"end":{"line":17,"column":4}}]},"4":{"line":31,"type":"if","locations":[{"start":{"line":31,"column":4},"end":{"line":31,"column":4}},{"start":{"line":31,"column":4},"end":{"line":31,"column":4}}]},"5":{"line":41,"type":"if","locations":[{"start":{"line":41,"column":4},"end":{"line":41,"column":4}},{"start":{"line":41,"column":4},"end":{"line":41,"column":4}}]},"6":{"line":53,"type":"if","locations":[{"start":{"line":53,"column":4},"end":{"line":53,"column":4}},{"start":{"line":53,"column":4},"end":{"line":53,"column":4}}]},"7":{"line":64,"type":"if","locations":[{"start":{"line":64,"column":4},"end":{"line":64,"column":4}},{"start":{"line":64,"column":4},"end":{"line":64,"column":4}}]}}},"/Users/ale/apps/instaproud/lib/photos/get_all.js":{"path":"/Users/ale/apps/instaproud/lib/photos/get_all.js","s":{"1":1,"2":1,"3":0,"4":0,"5":0,"6":0},"b":{},"f":{"1":0,"2":0,"3":0,"4":0},"fnMap":{"1":{"name":"getAll","line":10,"loc":{"start":{"line":10,"column":17},"end":{"line":10,"column":65}}},"2":{"name":"(anonymous_2)","line":24,"loc":{"start":{"line":24,"column":10},"end":{"line":24,"column":27}}},"3":{"name":"(anonymous_3)","line":31,"loc":{"start":{"line":31,"column":10},"end":{"line":31,"column":27}}},"4":{"name":"(anonymous_4)","line":34,"loc":{"start":{"line":34,"column":11},"end":{"line":34,"column":25}}}},"statementMap":{"1":{"start":{"line":2,"column":0},"end":{"line":2,"column":45}},"2":{"start":{"line":10,"column":0},"end":{"line":37,"column":1}},"3":{"start":{"line":12,"column":2},"end":{"line":36,"column":7}},"4":{"start":{"line":25,"column":6},"end":{"line":29,"column":8}},"5":{"start":{"line":32,"column":6},"end":{"line":32,"column":31}},"6":{"start":{"line":35,"column":6},"end":{"line":35,"column":23}}},"branchMap":{}},"/Users/ale/apps/instaproud/lib/photos/by_id.js":{"path":"/Users/ale/apps/instaproud/lib/photos/by_id.js","s":{"1":1,"2":1,"3":0,"4":0,"5":0,"6":0,"7":0,"8":0,"9":0},"b":{"1":[0,0],"2":[0,0]},"f":{"1":0,"2":0,"3":0},"fnMap":{"1":{"name":"byId","line":10,"loc":{"start":{"line":10,"column":17},"end":{"line":10,"column":41}}},"2":{"name":"(anonymous_2)","line":20,"loc":{"start":{"line":20,"column":7},"end":{"line":20,"column":28}}},"3":{"name":"(anonymous_3)","line":26,"loc":{"start":{"line":26,"column":7},"end":{"line":26,"column":21}}}},"statementMap":{"1":{"start":{"line":2,"column":0},"end":{"line":2,"column":45}},"2":{"start":{"line":10,"column":0},"end":{"line":32,"column":1}},"3":{"start":{"line":12,"column":1},"end":{"line":31,"column":4}},"4":{"start":{"line":21,"column":4},"end":{"line":21,"column":29}},"5":{"start":{"line":21,"column":12},"end":{"line":21,"column":29}},"6":{"start":{"line":23,"column":4},"end":{"line":30,"column":6}},"7":{"start":{"line":27,"column":6},"end":{"line":27,"column":31}},"8":{"start":{"line":27,"column":14},"end":{"line":27,"column":31}},"9":{"start":{"line":29,"column":6},"end":{"line":29,"column":31}}},"branchMap":{"1":{"line":21,"type":"if","locations":[{"start":{"line":21,"column":4},"end":{"line":21,"column":4}},{"start":{"line":21,"column":4},"end":{"line":21,"column":4}}]},"2":{"line":27,"type":"if","locations":[{"start":{"line":27,"column":6},"end":{"line":27,"column":6}},{"start":{"line":27,"column":6},"end":{"line":27,"column":6}}]}}},"/Users/ale/apps/instaproud/lib/photos/store.js":{"path":"/Users/ale/apps/instaproud/lib/photos/store.js","s":{"1":1,"2":1,"3":1,"4":0,"5":0,"6":0,"7":0,"8":0,"9":0,"10":0,"11":0},"b":{"1":[0,0]},"f":{"1":0,"2":0,"3":0,"4":0},"fnMap":{"1":{"name":"(anonymous_1)","line":5,"loc":{"start":{"line":5,"column":17},"end":{"line":5,"column":38}}},"2":{"name":"(anonymous_2)","line":10,"loc":{"start":{"line":10,"column":12},"end":{"line":10,"column":28}}},"3":{"name":"(anonymous_3)","line":12,"loc":{"start":{"line":12,"column":40},"end":{"line":12,"column":59}}},"4":{"name":"(anonymous_4)","line":18,"loc":{"start":{"line":18,"column":11},"end":{"line":18,"column":25}}}},"statementMap":{"1":{"start":{"line":2,"column":0},"end":{"line":2,"column":45}},"2":{"start":{"line":3,"column":0},"end":{"line":3,"column":61}},"3":{"start":{"line":5,"column":0},"end":{"line":21,"column":1}},"4":{"start":{"line":6,"column":2},"end":{"line":6,"column":20}},"5":{"start":{"line":7,"column":2},"end":{"line":7,"column":33}},"6":{"start":{"line":9,"column":4},"end":{"line":20,"column":6}},"7":{"start":{"line":12,"column":6},"end":{"line":15,"column":9}},"8":{"start":{"line":13,"column":8},"end":{"line":13,"column":34}},"9":{"start":{"line":13,"column":17},"end":{"line":13,"column":34}},"10":{"start":{"line":14,"column":8},"end":{"line":14,"column":33}},"11":{"start":{"line":19,"column":6},"end":{"line":19,"column":23}}},"branchMap":{"1":{"line":13,"type":"if","locations":[{"start":{"line":13,"column":8},"end":{"line":13,"column":8}},{"start":{"line":13,"column":8},"end":{"line":13,"column":8}}]}}},"/Users/ale/apps/instaproud/lib/photos/update_caption.js":{"path":"/Users/ale/apps/instaproud/lib/photos/update_caption.js","s":{"1":1,"2":1,"3":1,"4":0,"5":0,"6":0,"7":0},"b":{},"f":{"1":0,"2":0,"3":0,"4":0},"fnMap":{"1":{"name":"(anonymous_1)","line":5,"loc":{"start":{"line":5,"column":17},"end":{"line":5,"column":56}}},"2":{"name":"(anonymous_2)","line":8,"loc":{"start":{"line":8,"column":10},"end":{"line":8,"column":26}}},"3":{"name":"(anonymous_3)","line":10,"loc":{"start":{"line":10,"column":47},"end":{"line":10,"column":58}}},"4":{"name":"(anonymous_4)","line":15,"loc":{"start":{"line":15,"column":11},"end":{"line":15,"column":25}}}},"statementMap":{"1":{"start":{"line":2,"column":0},"end":{"line":2,"column":45}},"2":{"start":{"line":3,"column":0},"end":{"line":3,"column":76}},"3":{"start":{"line":5,"column":0},"end":{"line":19,"column":1}},"4":{"start":{"line":7,"column":2},"end":{"line":17,"column":7}},"5":{"start":{"line":10,"column":6},"end":{"line":12,"column":9}},"6":{"start":{"line":11,"column":8},"end":{"line":11,"column":33}},"7":{"start":{"line":16,"column":6},"end":{"line":16,"column":23}}},"branchMap":{}},"/Users/ale/apps/instaproud/lib/hashtags/store_or_update.js":{"path":"/Users/ale/apps/instaproud/lib/hashtags/store_or_update.js","s":{"1":1,"2":1,"3":0,"4":0,"5":0,"6":0,"7":0,"8":0,"9":0,"10":1,"11":0,"12":0,"13":0,"14":0,"15":0,"16":0,"17":0,"18":1},"b":{"1":[0,0],"2":[0,0],"3":[0,0],"4":[0,0]},"f":{"1":0,"2":0,"3":0,"4":0,"5":0,"6":0},"fnMap":{"1":{"name":"init","line":12,"loc":{"start":{"line":12,"column":0},"end":{"line":12,"column":35}}},"2":{"name":"(anonymous_2)","line":16,"loc":{"start":{"line":16,"column":21},"end":{"line":16,"column":39}}},"3":{"name":"storeOrUpdate","line":30,"loc":{"start":{"line":30,"column":0},"end":{"line":30,"column":38}}},"4":{"name":"(anonymous_4)","line":34,"loc":{"start":{"line":34,"column":8},"end":{"line":34,"column":26}}},"5":{"name":"(anonymous_5)","line":46,"loc":{"start":{"line":46,"column":10},"end":{"line":46,"column":28}}},"6":{"name":"(anonymous_6)","line":49,"loc":{"start":{"line":49,"column":9},"end":{"line":49,"column":23}}}},"statementMap":{"1":{"start":{"line":2,"column":0},"end":{"line":2,"column":50}},"2":{"start":{"line":12,"column":0},"end":{"line":28,"column":1}},"3":{"start":{"line":13,"column":2},"end":{"line":13,"column":41}},"4":{"start":{"line":15,"column":2},"end":{"line":26,"column":3}},"5":{"start":{"line":16,"column":4},"end":{"line":23,"column":7}},"6":{"start":{"line":18,"column":6},"end":{"line":18,"column":35}},"7":{"start":{"line":20,"column":6},"end":{"line":22,"column":7}},"8":{"start":{"line":21,"column":8},"end":{"line":21,"column":22}},"9":{"start":{"line":25,"column":4},"end":{"line":25,"column":18}},"10":{"start":{"line":30,"column":0},"end":{"line":52,"column":1}},"11":{"start":{"line":31,"column":2},"end":{"line":31,"column":17}},"12":{"start":{"line":33,"column":2},"end":{"line":51,"column":4}},"13":{"start":{"line":36,"column":4},"end":{"line":44,"column":5}},"14":{"start":{"line":37,"column":6},"end":{"line":40,"column":8}},"15":{"start":{"line":42,"column":6},"end":{"line":42,"column":62}},"16":{"start":{"line":43,"column":6},"end":{"line":43,"column":36}},"17":{"start":{"line":50,"column":4},"end":{"line":50,"column":15}},"18":{"start":{"line":54,"column":0},"end":{"line":54,"column":22}}},"branchMap":{"1":{"line":15,"type":"if","locations":[{"start":{"line":15,"column":2},"end":{"line":15,"column":2}},{"start":{"line":15,"column":2},"end":{"line":15,"column":2}}]},"2":{"line":15,"type":"binary-expr","locations":[{"start":{"line":15,"column":6},"end":{"line":15,"column":31}},{"start":{"line":15,"column":35},"end":{"line":15,"column":54}}]},"3":{"line":20,"type":"if","locations":[{"start":{"line":20,"column":6},"end":{"line":20,"column":6}},{"start":{"line":20,"column":6},"end":{"line":20,"column":6}}]},"4":{"line":36,"type":"if","locations":[{"start":{"line":36,"column":4},"end":{"line":36,"column":4}},{"start":{"line":36,"column":4},"end":{"line":36,"column":4}}]}}},"/Users/ale/apps/instaproud/models/hashtag.js":{"path":"/Users/ale/apps/instaproud/models/hashtag.js","s":{"1":1,"2":1,"3":1,"4":1,"5":1,"6":1,"7":0,"8":0,"9":0,"10":1,"11":1,"12":1,"13":1},"b":{},"f":{"1":0},"fnMap":{"1":{"name":"(anonymous_1)","line":16,"loc":{"start":{"line":16,"column":12},"end":{"line":16,"column":41}}}},"statementMap":{"1":{"start":{"line":2,"column":0},"end":{"line":2,"column":34}},"2":{"start":{"line":3,"column":0},"end":{"line":3,"column":35}},"3":{"start":{"line":4,"column":0},"end":{"line":4,"column":29}},"4":{"start":{"line":5,"column":0},"end":{"line":5,"column":12}},"5":{"start":{"line":7,"column":0},"end":{"line":13,"column":3}},"6":{"start":{"line":15,"column":0},"end":{"line":21,"column":3}},"7":{"start":{"line":17,"column":3},"end":{"line":17,"column":20}},"8":{"start":{"line":18,"column":3},"end":{"line":18,"column":18}},"9":{"start":{"line":19,"column":3},"end":{"line":19,"column":18}},"10":{"start":{"line":23,"column":0},"end":{"line":23,"column":51}},"11":{"start":{"line":25,"column":0},"end":{"line":25,"column":30}},"12":{"start":{"line":26,"column":0},"end":{"line":26,"column":40}},"13":{"start":{"line":27,"column":0},"end":{"line":27,"column":25}}},"branchMap":{}},"/Users/ale/apps/instaproud/lib/photos/compress_image.js":{"path":"/Users/ale/apps/instaproud/lib/photos/compress_image.js","s":{"1":1,"2":1,"3":1,"4":1,"5":1,"6":0,"7":0,"8":0,"9":0,"10":0,"11":0,"12":0,"13":0,"14":0,"15":0,"16":0,"17":0,"18":0},"b":{"1":[0,0],"2":[0,0],"3":[0,0]},"f":{"1":0,"2":0,"3":0,"4":0},"fnMap":{"1":{"name":"compressImage","line":7,"loc":{"start":{"line":7,"column":17},"end":{"line":7,"column":58}}},"2":{"name":"(anonymous_2)","line":12,"loc":{"start":{"line":12,"column":36},"end":{"line":12,"column":60}}},"3":{"name":"(anonymous_3)","line":15,"loc":{"start":{"line":15,"column":20},"end":{"line":15,"column":34}}},"4":{"name":"(anonymous_4)","line":21,"loc":{"start":{"line":21,"column":36},"end":{"line":21,"column":50}}}},"statementMap":{"1":{"start":{"line":2,"column":0},"end":{"line":2,"column":29}},"2":{"start":{"line":3,"column":0},"end":{"line":3,"column":29}},"3":{"start":{"line":4,"column":0},"end":{"line":4,"column":52}},"4":{"start":{"line":5,"column":0},"end":{"line":5,"column":49}},"5":{"start":{"line":7,"column":0},"end":{"line":28,"column":1}},"6":{"start":{"line":8,"column":1},"end":{"line":8,"column":22}},"7":{"start":{"line":9,"column":1},"end":{"line":9,"column":23}},"8":{"start":{"line":10,"column":1},"end":{"line":10,"column":36}},"9":{"start":{"line":12,"column":1},"end":{"line":26,"column":4}},"10":{"start":{"line":13,"column":2},"end":{"line":13,"column":27}},"11":{"start":{"line":13,"column":10},"end":{"line":13,"column":27}},"12":{"start":{"line":15,"column":2},"end":{"line":25,"column":5}},"13":{"start":{"line":16,"column":3},"end":{"line":16,"column":28}},"14":{"start":{"line":16,"column":11},"end":{"line":16,"column":28}},"15":{"start":{"line":18,"column":3},"end":{"line":24,"column":6}},"16":{"start":{"line":22,"column":4},"end":{"line":22,"column":30}},"17":{"start":{"line":22,"column":13},"end":{"line":22,"column":30}},"18":{"start":{"line":23,"column":4},"end":{"line":23,"column":59}}},"branchMap":{"1":{"line":13,"type":"if","locations":[{"start":{"line":13,"column":2},"end":{"line":13,"column":2}},{"start":{"line":13,"column":2},"end":{"line":13,"column":2}}]},"2":{"line":16,"type":"if","locations":[{"start":{"line":16,"column":3},"end":{"line":16,"column":3}},{"start":{"line":16,"column":3},"end":{"line":16,"column":3}}]},"3":{"line":22,"type":"if","locations":[{"start":{"line":22,"column":4},"end":{"line":22,"column":4}},{"start":{"line":22,"column":4},"end":{"line":22,"column":4}}]}}},"/Users/ale/apps/instaproud/lib/get_paths.js":{"path":"/Users/ale/apps/instaproud/lib/get_paths.js","s":{"1":1,"2":1,"3":0,"4":0,"5":0,"6":0,"7":0,"8":0,"9":0,"10":0,"11":0,"12":0},"b":{"1":[0,0]},"f":{"1":0,"2":0,"3":0},"fnMap":{"1":{"name":"(anonymous_1)","line":5,"loc":{"start":{"line":5,"column":10},"end":{"line":5,"column":25}}},"2":{"name":"(anonymous_2)","line":10,"loc":{"start":{"line":10,"column":8},"end":{"line":10,"column":46}}},"3":{"name":"(anonymous_3)","line":15,"loc":{"start":{"line":15,"column":21},"end":{"line":15,"column":41}}}},"statementMap":{"1":{"start":{"line":2,"column":0},"end":{"line":2,"column":52}},"2":{"start":{"line":4,"column":0},"end":{"line":22,"column":1}},"3":{"start":{"line":6,"column":4},"end":{"line":6,"column":26}},"4":{"start":{"line":7,"column":4},"end":{"line":7,"column":36}},"5":{"start":{"line":11,"column":4},"end":{"line":11,"column":26}},"6":{"start":{"line":12,"column":4},"end":{"line":12,"column":26}},"7":{"start":{"line":13,"column":4},"end":{"line":13,"column":17}},"8":{"start":{"line":15,"column":4},"end":{"line":19,"column":7}},"9":{"start":{"line":16,"column":6},"end":{"line":16,"column":32}},"10":{"start":{"line":16,"column":15},"end":{"line":16,"column":32}},"11":{"start":{"line":17,"column":6},"end":{"line":17,"column":62}},"12":{"start":{"line":18,"column":6},"end":{"line":18,"column":34}}},"branchMap":{"1":{"line":16,"type":"if","locations":[{"start":{"line":16,"column":6},"end":{"line":16,"column":6}},{"start":{"line":16,"column":6},"end":{"line":16,"column":6}}]}}},"/Users/ale/apps/instaproud/lib/photos/process.js":{"path":"/Users/ale/apps/instaproud/lib/photos/process.js","s":{"1":1,"2":1,"3":1,"4":1,"5":0,"6":0,"7":0,"8":0,"9":0,"10":0,"11":0,"12":0,"13":0,"14":0,"15":0,"16":0},"b":{"1":[0,0],"2":[0,0],"3":[0,0]},"f":{"1":0,"2":0,"3":0,"4":0},"fnMap":{"1":{"name":"(anonymous_1)","line":6,"loc":{"start":{"line":6,"column":17},"end":{"line":6,"column":43}}},"2":{"name":"(anonymous_2)","line":9,"loc":{"start":{"line":9,"column":39},"end":{"line":9,"column":62}}},"3":{"name":"(anonymous_3)","line":12,"loc":{"start":{"line":12,"column":22},"end":{"line":12,"column":36}}},"4":{"name":"(anonymous_4)","line":17,"loc":{"start":{"line":17,"column":39},"end":{"line":17,"column":53}}}},"statementMap":{"1":{"start":{"line":2,"column":0},"end":{"line":2,"column":29}},"2":{"start":{"line":3,"column":0},"end":{"line":3,"column":29}},"3":{"start":{"line":4,"column":0},"end":{"line":4,"column":49}},"4":{"start":{"line":6,"column":0},"end":{"line":25,"column":1}},"5":{"start":{"line":7,"column":2},"end":{"line":7,"column":37}},"6":{"start":{"line":8,"column":2},"end":{"line":8,"column":24}},"7":{"start":{"line":9,"column":2},"end":{"line":23,"column":5}},"8":{"start":{"line":10,"column":4},"end":{"line":10,"column":30}},"9":{"start":{"line":10,"column":13},"end":{"line":10,"column":30}},"10":{"start":{"line":12,"column":4},"end":{"line":22,"column":7}},"11":{"start":{"line":13,"column":6},"end":{"line":13,"column":31}},"12":{"start":{"line":13,"column":14},"end":{"line":13,"column":31}},"13":{"start":{"line":15,"column":6},"end":{"line":21,"column":9}},"14":{"start":{"line":18,"column":8},"end":{"line":18,"column":34}},"15":{"start":{"line":18,"column":17},"end":{"line":18,"column":34}},"16":{"start":{"line":20,"column":8},"end":{"line":20,"column":36}}},"branchMap":{"1":{"line":10,"type":"if","locations":[{"start":{"line":10,"column":4},"end":{"line":10,"column":4}},{"start":{"line":10,"column":4},"end":{"line":10,"column":4}}]},"2":{"line":13,"type":"if","locations":[{"start":{"line":13,"column":6},"end":{"line":13,"column":6}},{"start":{"line":13,"column":6},"end":{"line":13,"column":6}}]},"3":{"line":18,"type":"if","locations":[{"start":{"line":18,"column":8},"end":{"line":18,"column":8}},{"start":{"line":18,"column":8},"end":{"line":18,"column":8}}]}}},"/Users/ale/apps/instaproud/lib/photos/filters.js":{"path":"/Users/ale/apps/instaproud/lib/photos/filters.js","s":{"1":1,"2":1,"3":1,"4":1,"5":0,"6":0,"7":0,"8":0,"9":0,"10":0,"11":0,"12":0,"13":0,"14":1,"15":0,"16":0,"17":0,"18":0,"19":0,"20":0,"21":0,"22":0,"23":0,"24":0,"25":0},"b":{"1":[0,0]},"f":{"1":0,"2":0,"3":0,"4":0,"5":0,"6":0,"7":0,"8":0,"9":0,"10":0,"11":0,"12":0,"13":0},"fnMap":{"1":{"name":"(anonymous_1)","line":8,"loc":{"start":{"line":8,"column":17},"end":{"line":8,"column":35}}},"2":{"name":"(anonymous_2)","line":12,"loc":{"start":{"line":12,"column":18},"end":{"line":12,"column":36}}},"3":{"name":"(anonymous_3)","line":16,"loc":{"start":{"line":16,"column":16},"end":{"line":16,"column":34}}},"4":{"name":"(anonymous_4)","line":20,"loc":{"start":{"line":20,"column":13},"end":{"line":20,"column":31}}},"5":{"name":"(anonymous_5)","line":24,"loc":{"start":{"line":24,"column":10},"end":{"line":24,"column":28}}},"6":{"name":"(anonymous_6)","line":28,"loc":{"start":{"line":28,"column":15},"end":{"line":28,"column":33}}},"7":{"name":"(anonymous_7)","line":32,"loc":{"start":{"line":32,"column":13},"end":{"line":32,"column":31}}},"8":{"name":"(anonymous_8)","line":36,"loc":{"start":{"line":36,"column":13},"end":{"line":36,"column":31}}},"9":{"name":"(anonymous_9)","line":40,"loc":{"start":{"line":40,"column":13},"end":{"line":40,"column":31}}},"10":{"name":"addPhotoFilter","line":54,"loc":{"start":{"line":54,"column":18},"end":{"line":54,"column":88}}},"11":{"name":"(anonymous_11)","line":59,"loc":{"start":{"line":59,"column":34},"end":{"line":59,"column":48}}},"12":{"name":"(anonymous_12)","line":62,"loc":{"start":{"line":62,"column":27},"end":{"line":62,"column":38}}},"13":{"name":"(anonymous_13)","line":64,"loc":{"start":{"line":64,"column":20},"end":{"line":64,"column":31}}}},"statementMap":{"1":{"start":{"line":2,"column":0},"end":{"line":2,"column":35}},"2":{"start":{"line":3,"column":0},"end":{"line":3,"column":38}},"3":{"start":{"line":4,"column":0},"end":{"line":4,"column":29}},"4":{"start":{"line":6,"column":0},"end":{"line":44,"column":2}},"5":{"start":{"line":9,"column":4},"end":{"line":9,"column":33}},"6":{"start":{"line":13,"column":4},"end":{"line":13,"column":34}},"7":{"start":{"line":17,"column":4},"end":{"line":17,"column":32}},"8":{"start":{"line":21,"column":4},"end":{"line":21,"column":29}},"9":{"start":{"line":25,"column":4},"end":{"line":25,"column":26}},"10":{"start":{"line":29,"column":4},"end":{"line":29,"column":31}},"11":{"start":{"line":33,"column":4},"end":{"line":33,"column":29}},"12":{"start":{"line":37,"column":4},"end":{"line":37,"column":29}},"13":{"start":{"line":41,"column":4},"end":{"line":41,"column":29}},"14":{"start":{"line":54,"column":1},"end":{"line":74,"column":1}},"15":{"start":{"line":55,"column":2},"end":{"line":55,"column":24}},"16":{"start":{"line":56,"column":2},"end":{"line":56,"column":49}},"17":{"start":{"line":57,"column":2},"end":{"line":57,"column":62}},"18":{"start":{"line":59,"column":2},"end":{"line":73,"column":5}},"19":{"start":{"line":60,"column":4},"end":{"line":72,"column":5}},"20":{"start":{"line":62,"column":6},"end":{"line":68,"column":9}},"21":{"start":{"line":63,"column":8},"end":{"line":63,"column":34}},"22":{"start":{"line":64,"column":8},"end":{"line":67,"column":11}},"23":{"start":{"line":65,"column":10},"end":{"line":65,"column":39}},"24":{"start":{"line":66,"column":10},"end":{"line":66,"column":21}},"25":{"start":{"line":71,"column":6},"end":{"line":71,"column":17}}},"branchMap":{"1":{"line":60,"type":"if","locations":[{"start":{"line":60,"column":4},"end":{"line":60,"column":4}},{"start":{"line":60,"column":4},"end":{"line":60,"column":4}}]}}},"/Users/ale/apps/instaproud/routes/photo_tagged.js":{"path":"/Users/ale/apps/instaproud/routes/photo_tagged.js","s":{"1":1,"2":1,"3":1,"4":1,"5":1,"6":1,"7":0,"8":0,"9":0,"10":0,"11":0,"12":0,"13":0,"14":0,"15":0,"16":1,"17":0,"18":0,"19":0,"20":0,"21":0,"22":0,"23":0,"24":0,"25":0,"26":1},"b":{"1":[0,0],"2":[0,0],"3":[0,0],"4":[0,0]},"f":{"1":0,"2":0,"3":0,"4":0,"5":0,"6":0},"fnMap":{"1":{"name":"(anonymous_1)","line":8,"loc":{"start":{"line":8,"column":35},"end":{"line":8,"column":54}}},"2":{"name":"(anonymous_2)","line":12,"loc":{"start":{"line":12,"column":68},"end":{"line":12,"column":95}}},"3":{"name":"(anonymous_3)","line":18,"loc":{"start":{"line":18,"column":10},"end":{"line":18,"column":38}}},"4":{"name":"(anonymous_4)","line":26,"loc":{"start":{"line":26,"column":37},"end":{"line":26,"column":56}}},"5":{"name":"(anonymous_5)","line":30,"loc":{"start":{"line":30,"column":65},"end":{"line":30,"column":86}}},"6":{"name":"(anonymous_6)","line":36,"loc":{"start":{"line":36,"column":10},"end":{"line":36,"column":38}}}},"statementMap":{"1":{"start":{"line":2,"column":0},"end":{"line":2,"column":31}},"2":{"start":{"line":3,"column":0},"end":{"line":3,"column":31}},"3":{"start":{"line":4,"column":0},"end":{"line":4,"column":45}},"4":{"start":{"line":5,"column":0},"end":{"line":5,"column":37}},"5":{"start":{"line":6,"column":0},"end":{"line":6,"column":39}},"6":{"start":{"line":8,"column":0},"end":{"line":24,"column":3}},"7":{"start":{"line":9,"column":2},"end":{"line":9,"column":25}},"8":{"start":{"line":10,"column":2},"end":{"line":10,"column":31}},"9":{"start":{"line":12,"column":2},"end":{"line":23,"column":5}},"10":{"start":{"line":13,"column":4},"end":{"line":13,"column":30}},"11":{"start":{"line":13,"column":13},"end":{"line":13,"column":30}},"12":{"start":{"line":15,"column":4},"end":{"line":21,"column":7}},"13":{"start":{"line":19,"column":6},"end":{"line":19,"column":32}},"14":{"start":{"line":19,"column":15},"end":{"line":19,"column":32}},"15":{"start":{"line":20,"column":6},"end":{"line":20,"column":36}},"16":{"start":{"line":26,"column":0},"end":{"line":42,"column":3}},"17":{"start":{"line":27,"column":2},"end":{"line":27,"column":25}},"18":{"start":{"line":28,"column":2},"end":{"line":28,"column":31}},"19":{"start":{"line":30,"column":3},"end":{"line":41,"column":5}},"20":{"start":{"line":31,"column":5},"end":{"line":31,"column":31}},"21":{"start":{"line":31,"column":14},"end":{"line":31,"column":31}},"22":{"start":{"line":33,"column":4},"end":{"line":39,"column":7}},"23":{"start":{"line":37,"column":6},"end":{"line":37,"column":32}},"24":{"start":{"line":37,"column":15},"end":{"line":37,"column":32}},"25":{"start":{"line":38,"column":6},"end":{"line":38,"column":36}},"26":{"start":{"line":44,"column":0},"end":{"line":44,"column":21}}},"branchMap":{"1":{"line":13,"type":"if","locations":[{"start":{"line":13,"column":4},"end":{"line":13,"column":4}},{"start":{"line":13,"column":4},"end":{"line":13,"column":4}}]},"2":{"line":19,"type":"if","locations":[{"start":{"line":19,"column":6},"end":{"line":19,"column":6}},{"start":{"line":19,"column":6},"end":{"line":19,"column":6}}]},"3":{"line":31,"type":"if","locations":[{"start":{"line":31,"column":5},"end":{"line":31,"column":5}},{"start":{"line":31,"column":5},"end":{"line":31,"column":5}}]},"4":{"line":37,"type":"if","locations":[{"start":{"line":37,"column":6},"end":{"line":37,"column":6}},{"start":{"line":37,"column":6},"end":{"line":37,"column":6}}]}}},"/Users/ale/apps/instaproud/routes/photo_comments.js":{"path":"/Users/ale/apps/instaproud/routes/photo_comments.js","s":{"1":1,"2":1,"3":1,"4":1,"5":1,"6":1,"7":1,"8":1,"9":0,"10":0,"11":0,"12":0,"13":0,"14":0,"15":0,"16":0,"17":0,"18":0,"19":0,"20":0,"21":0,"22":0,"23":1},"b":{"1":[0,0],"2":[0,0]},"f":{"1":0,"2":0,"3":0,"4":0,"5":0,"6":0},"fnMap":{"1":{"name":"(anonymous_1)","line":12,"loc":{"start":{"line":12,"column":6},"end":{"line":12,"column":31}}},"2":{"name":"(anonymous_2)","line":23,"loc":{"start":{"line":23,"column":10},"end":{"line":23,"column":28}}},"3":{"name":"(anonymous_3)","line":28,"loc":{"start":{"line":28,"column":12},"end":{"line":28,"column":33}}},"4":{"name":"(anonymous_4)","line":33,"loc":{"start":{"line":33,"column":12},"end":{"line":33,"column":33}}},"5":{"name":"(anonymous_5)","line":36,"loc":{"start":{"line":36,"column":53},"end":{"line":36,"column":64}}},"6":{"name":"(anonymous_6)","line":45,"loc":{"start":{"line":45,"column":9},"end":{"line":45,"column":23}}}},"statementMap":{"1":{"start":{"line":2,"column":0},"end":{"line":2,"column":31}},"2":{"start":{"line":3,"column":0},"end":{"line":3,"column":30}},"3":{"start":{"line":4,"column":0},"end":{"line":4,"column":40}},"4":{"start":{"line":5,"column":0},"end":{"line":5,"column":70}},"5":{"start":{"line":6,"column":0},"end":{"line":6,"column":37}},"6":{"start":{"line":7,"column":0},"end":{"line":7,"column":39}},"7":{"start":{"line":8,"column":0},"end":{"line":8,"column":43}},"8":{"start":{"line":10,"column":0},"end":{"line":48,"column":2}},"9":{"start":{"line":13,"column":2},"end":{"line":13,"column":60}},"10":{"start":{"line":14,"column":2},"end":{"line":14,"column":30}},"11":{"start":{"line":15,"column":2},"end":{"line":15,"column":16}},"12":{"start":{"line":17,"column":2},"end":{"line":20,"column":5}},"13":{"start":{"line":22,"column":2},"end":{"line":47,"column":5}},"14":{"start":{"line":25,"column":4},"end":{"line":42,"column":6}},"15":{"start":{"line":29,"column":6},"end":{"line":29,"column":31}},"16":{"start":{"line":29,"column":14},"end":{"line":29,"column":31}},"17":{"start":{"line":31,"column":6},"end":{"line":40,"column":9}},"18":{"start":{"line":34,"column":8},"end":{"line":34,"column":33}},"19":{"start":{"line":34,"column":16},"end":{"line":34,"column":33}},"20":{"start":{"line":36,"column":8},"end":{"line":38,"column":11}},"21":{"start":{"line":37,"column":10},"end":{"line":37,"column":45}},"22":{"start":{"line":46,"column":4},"end":{"line":46,"column":21}},"23":{"start":{"line":50,"column":0},"end":{"line":50,"column":21}}},"branchMap":{"1":{"line":29,"type":"if","locations":[{"start":{"line":29,"column":6},"end":{"line":29,"column":6}},{"start":{"line":29,"column":6},"end":{"line":29,"column":6}}]},"2":{"line":34,"type":"if","locations":[{"start":{"line":34,"column":8},"end":{"line":34,"column":8}},{"start":{"line":34,"column":8},"end":{"line":34,"column":8}}]}}},"/Users/ale/apps/instaproud/models/comment.js":{"path":"/Users/ale/apps/instaproud/models/comment.js","s":{"1":1,"2":1,"3":1,"4":1,"5":1,"6":1,"7":1,"8":0,"9":0,"10":0,"11":1,"12":1,"13":1,"14":1},"b":{},"f":{"1":0},"fnMap":{"1":{"name":"(anonymous_1)","line":24,"loc":{"start":{"line":24,"column":13},"end":{"line":24,"column":42}}}},"statementMap":{"1":{"start":{"line":2,"column":0},"end":{"line":2,"column":34}},"2":{"start":{"line":3,"column":0},"end":{"line":3,"column":35}},"3":{"start":{"line":4,"column":0},"end":{"line":4,"column":29}},"4":{"start":{"line":5,"column":0},"end":{"line":5,"column":18}},"5":{"start":{"line":6,"column":0},"end":{"line":6,"column":12}},"6":{"start":{"line":8,"column":0},"end":{"line":21,"column":3}},"7":{"start":{"line":23,"column":0},"end":{"line":29,"column":3}},"8":{"start":{"line":25,"column":3},"end":{"line":25,"column":20}},"9":{"start":{"line":26,"column":3},"end":{"line":26,"column":18}},"10":{"start":{"line":27,"column":3},"end":{"line":27,"column":18}},"11":{"start":{"line":31,"column":0},"end":{"line":31,"column":51}},"12":{"start":{"line":32,"column":0},"end":{"line":32,"column":30}},"13":{"start":{"line":33,"column":0},"end":{"line":33,"column":40}},"14":{"start":{"line":34,"column":0},"end":{"line":34,"column":25}}},"branchMap":{}},"/Users/ale/apps/instaproud/routes/photo_likes.js":{"path":"/Users/ale/apps/instaproud/routes/photo_likes.js","s":{"1":1,"2":1,"3":1,"4":1,"5":0,"6":0,"7":0,"8":0,"9":0,"10":0,"11":0,"12":1,"13":0,"14":0,"15":0,"16":0,"17":0,"18":0,"19":0,"20":1},"b":{"1":[0,0],"2":[0,0]},"f":{"1":0,"2":0,"3":0,"4":0,"5":0,"6":0},"fnMap":{"1":{"name":"(anonymous_1)","line":6,"loc":{"start":{"line":6,"column":34},"end":{"line":6,"column":59}}},"2":{"name":"(anonymous_2)","line":10,"loc":{"start":{"line":10,"column":67},"end":{"line":10,"column":88}}},"3":{"name":"(anonymous_3)","line":15,"loc":{"start":{"line":15,"column":10},"end":{"line":15,"column":32}}},"4":{"name":"(anonymous_4)","line":23,"loc":{"start":{"line":23,"column":36},"end":{"line":23,"column":55}}},"5":{"name":"(anonymous_5)","line":27,"loc":{"start":{"line":27,"column":63},"end":{"line":27,"column":84}}},"6":{"name":"(anonymous_6)","line":28,"loc":{"start":{"line":28,"column":70},"end":{"line":28,"column":92}}}},"statementMap":{"1":{"start":{"line":2,"column":0},"end":{"line":2,"column":31}},"2":{"start":{"line":3,"column":0},"end":{"line":3,"column":37}},"3":{"start":{"line":4,"column":0},"end":{"line":4,"column":39}},"4":{"start":{"line":6,"column":0},"end":{"line":21,"column":3}},"5":{"start":{"line":7,"column":2},"end":{"line":7,"column":25}},"6":{"start":{"line":8,"column":2},"end":{"line":8,"column":28}},"7":{"start":{"line":10,"column":2},"end":{"line":20,"column":5}},"8":{"start":{"line":12,"column":4},"end":{"line":18,"column":7}},"9":{"start":{"line":16,"column":6},"end":{"line":16,"column":32}},"10":{"start":{"line":16,"column":15},"end":{"line":16,"column":32}},"11":{"start":{"line":17,"column":6},"end":{"line":17,"column":30}},"12":{"start":{"line":23,"column":0},"end":{"line":33,"column":3}},"13":{"start":{"line":24,"column":2},"end":{"line":24,"column":25}},"14":{"start":{"line":25,"column":2},"end":{"line":25,"column":28}},"15":{"start":{"line":27,"column":2},"end":{"line":32,"column":5}},"16":{"start":{"line":28,"column":4},"end":{"line":31,"column":7}},"17":{"start":{"line":29,"column":4},"end":{"line":29,"column":30}},"18":{"start":{"line":29,"column":13},"end":{"line":29,"column":30}},"19":{"start":{"line":30,"column":6},"end":{"line":30,"column":30}},"20":{"start":{"line":35,"column":0},"end":{"line":35,"column":21}}},"branchMap":{"1":{"line":16,"type":"if","locations":[{"start":{"line":16,"column":6},"end":{"line":16,"column":6}},{"start":{"line":16,"column":6},"end":{"line":16,"column":6}}]},"2":{"line":29,"type":"if","locations":[{"start":{"line":29,"column":4},"end":{"line":29,"column":4}},{"start":{"line":29,"column":4},"end":{"line":29,"column":4}}]}}},"/Users/ale/apps/instaproud/routes/hashtags.js":{"path":"/Users/ale/apps/instaproud/routes/hashtags.js","s":{"1":1,"2":1,"3":1,"4":0,"5":0,"6":0,"7":0,"8":0,"9":1,"10":0,"11":0,"12":0,"13":0,"14":0,"15":0,"16":1},"b":{"1":[0,0],"2":[0,0],"3":[0,0]},"f":{"1":0,"2":0,"3":0,"4":0},"fnMap":{"1":{"name":"(anonymous_1)","line":5,"loc":{"start":{"line":5,"column":32},"end":{"line":5,"column":51}}},"2":{"name":"(anonymous_2)","line":10,"loc":{"start":{"line":10,"column":8},"end":{"line":10,"column":32}}},"3":{"name":"(anonymous_3)","line":16,"loc":{"start":{"line":16,"column":41},"end":{"line":16,"column":60}}},"4":{"name":"(anonymous_4)","line":22,"loc":{"start":{"line":22,"column":8},"end":{"line":22,"column":28}}}},"statementMap":{"1":{"start":{"line":2,"column":0},"end":{"line":2,"column":31}},"2":{"start":{"line":3,"column":0},"end":{"line":3,"column":43}},"3":{"start":{"line":5,"column":0},"end":{"line":14,"column":3}},"4":{"start":{"line":6,"column":2},"end":{"line":6,"column":30}},"5":{"start":{"line":8,"column":2},"end":{"line":13,"column":4}},"6":{"start":{"line":11,"column":4},"end":{"line":11,"column":30}},"7":{"start":{"line":11,"column":13},"end":{"line":11,"column":30}},"8":{"start":{"line":12,"column":4},"end":{"line":12,"column":30}},"9":{"start":{"line":16,"column":0},"end":{"line":27,"column":3}},"10":{"start":{"line":17,"column":2},"end":{"line":17,"column":39}},"11":{"start":{"line":18,"column":2},"end":{"line":18,"column":45}},"12":{"start":{"line":20,"column":2},"end":{"line":25,"column":4}},"13":{"start":{"line":23,"column":4},"end":{"line":23,"column":30}},"14":{"start":{"line":23,"column":13},"end":{"line":23,"column":30}},"15":{"start":{"line":24,"column":4},"end":{"line":24,"column":26}},"16":{"start":{"line":29,"column":0},"end":{"line":29,"column":21}}},"branchMap":{"1":{"line":11,"type":"if","locations":[{"start":{"line":11,"column":4},"end":{"line":11,"column":4}},{"start":{"line":11,"column":4},"end":{"line":11,"column":4}}]},"2":{"line":18,"type":"binary-expr","locations":[{"start":{"line":18,"column":19},"end":{"line":18,"column":39}},{"start":{"line":18,"column":43},"end":{"line":18,"column":44}}]},"3":{"line":23,"type":"if","locations":[{"start":{"line":23,"column":4},"end":{"line":23,"column":4}},{"start":{"line":23,"column":4},"end":{"line":23,"column":4}}]}}},"/Users/ale/apps/instaproud/routes/activities.js":{"path":"/Users/ale/apps/instaproud/routes/activities.js","s":{"1":1,"2":1,"3":1,"4":0,"5":0,"6":0,"7":0,"8":0,"9":0,"10":0,"11":0,"12":0,"13":0,"14":1},"b":{"1":[0,0],"2":[0,0]},"f":{"1":0,"2":0,"3":0,"4":0},"fnMap":{"1":{"name":"(anonymous_1)","line":6,"loc":{"start":{"line":6,"column":7},"end":{"line":6,"column":26}}},"2":{"name":"(anonymous_2)","line":14,"loc":{"start":{"line":14,"column":10},"end":{"line":14,"column":36}}},"3":{"name":"(anonymous_3)","line":21,"loc":{"start":{"line":21,"column":8},"end":{"line":21,"column":27}}},"4":{"name":"(anonymous_4)","line":25,"loc":{"start":{"line":25,"column":21},"end":{"line":25,"column":45}}}},"statementMap":{"1":{"start":{"line":2,"column":0},"end":{"line":2,"column":31}},"2":{"start":{"line":3,"column":0},"end":{"line":3,"column":45}},"3":{"start":{"line":5,"column":0},"end":{"line":30,"column":5}},"4":{"start":{"line":8,"column":4},"end":{"line":18,"column":7}},"5":{"start":{"line":15,"column":6},"end":{"line":15,"column":48}},"6":{"start":{"line":15,"column":15},"end":{"line":15,"column":48}},"7":{"start":{"line":17,"column":6},"end":{"line":17,"column":34}},"8":{"start":{"line":22,"column":4},"end":{"line":22,"column":24}},"9":{"start":{"line":23,"column":4},"end":{"line":23,"column":41}},"10":{"start":{"line":25,"column":4},"end":{"line":28,"column":7}},"11":{"start":{"line":26,"column":6},"end":{"line":26,"column":48}},"12":{"start":{"line":26,"column":15},"end":{"line":26,"column":48}},"13":{"start":{"line":27,"column":6},"end":{"line":27,"column":44}},"14":{"start":{"line":32,"column":0},"end":{"line":32,"column":21}}},"branchMap":{"1":{"line":15,"type":"if","locations":[{"start":{"line":15,"column":6},"end":{"line":15,"column":6}},{"start":{"line":15,"column":6},"end":{"line":15,"column":6}}]},"2":{"line":26,"type":"if","locations":[{"start":{"line":26,"column":6},"end":{"line":26,"column":6}},{"start":{"line":26,"column":6},"end":{"line":26,"column":6}}]}}},"/Users/ale/apps/instaproud/models/activity.js":{"path":"/Users/ale/apps/instaproud/models/activity.js","s":{"1":1,"2":1,"3":1,"4":1,"5":1,"6":1,"7":1},"b":{},"f":{},"fnMap":{},"statementMap":{"1":{"start":{"line":1,"column":0},"end":{"line":1,"column":35}},"2":{"start":{"line":2,"column":0},"end":{"line":2,"column":29}},"3":{"start":{"line":3,"column":0},"end":{"line":3,"column":19}},"4":{"start":{"line":5,"column":0},"end":{"line":22,"column":3}},"5":{"start":{"line":24,"column":0},"end":{"line":28,"column":1}},"6":{"start":{"line":25,"column":2},"end":{"line":25,"column":46}},"7":{"start":{"line":27,"column":2},"end":{"line":27,"column":62}}},"branchMap":{}},"/Users/ale/apps/instaproud/config/db.js":{"path":"/Users/ale/apps/instaproud/config/db.js","s":{"1":1},"b":{},"f":{},"fnMap":{},"statementMap":{"1":{"start":{"line":1,"column":0},"end":{"line":3,"column":2}}},"branchMap":{}},"/Users/ale/apps/instaproud/config/passport.js":{"path":"/Users/ale/apps/instaproud/config/passport.js","s":{"1":1,"2":1,"3":1,"4":1,"5":1,"6":1,"7":0,"8":0,"9":1,"10":1,"11":1,"12":0,"13":1,"14":1,"15":0,"16":0,"17":0,"18":1},"b":{"1":[0,1],"2":[1,0],"3":[0,0]},"f":{"1":1,"2":0,"3":0,"4":1,"5":1},"fnMap":{"1":{"name":"(anonymous_1)","line":5,"loc":{"start":{"line":5,"column":23},"end":{"line":5,"column":44}}},"2":{"name":"(anonymous_2)","line":9,"loc":{"start":{"line":9,"column":25},"end":{"line":9,"column":44}}},"3":{"name":"(anonymous_3)","line":10,"loc":{"start":{"line":10,"column":20},"end":{"line":10,"column":41}}},"4":{"name":"(anonymous_4)","line":20,"loc":{"start":{"line":20,"column":2},"end":{"line":20,"column":33}}},"5":{"name":"(anonymous_5)","line":21,"loc":{"start":{"line":21,"column":33},"end":{"line":21,"column":52}}}},"statementMap":{"1":{"start":{"line":1,"column":0},"end":{"line":1,"column":35}},"2":{"start":{"line":2,"column":0},"end":{"line":2,"column":37}},"3":{"start":{"line":3,"column":0},"end":{"line":3,"column":55}},"4":{"start":{"line":5,"column":0},"end":{"line":7,"column":3}},"5":{"start":{"line":6,"column":2},"end":{"line":6,"column":29}},"6":{"start":{"line":9,"column":0},"end":{"line":13,"column":3}},"7":{"start":{"line":10,"column":2},"end":{"line":12,"column":5}},"8":{"start":{"line":11,"column":4},"end":{"line":11,"column":27}},"9":{"start":{"line":15,"column":0},"end":{"line":34,"column":3}},"10":{"start":{"line":21,"column":4},"end":{"line":33,"column":4}},"11":{"start":{"line":22,"column":6},"end":{"line":22,"column":32}},"12":{"start":{"line":22,"column":15},"end":{"line":22,"column":32}},"13":{"start":{"line":24,"column":6},"end":{"line":26,"column":7}},"14":{"start":{"line":25,"column":8},"end":{"line":25,"column":79}},"15":{"start":{"line":28,"column":6},"end":{"line":32,"column":7}},"16":{"start":{"line":29,"column":8},"end":{"line":29,"column":32}},"17":{"start":{"line":31,"column":8},"end":{"line":31,"column":81}},"18":{"start":{"line":36,"column":0},"end":{"line":36,"column":20}}},"branchMap":{"1":{"line":22,"type":"if","locations":[{"start":{"line":22,"column":6},"end":{"line":22,"column":6}},{"start":{"line":22,"column":6},"end":{"line":22,"column":6}}]},"2":{"line":24,"type":"if","locations":[{"start":{"line":24,"column":6},"end":{"line":24,"column":6}},{"start":{"line":24,"column":6},"end":{"line":24,"column":6}}]},"3":{"line":28,"type":"if","locations":[{"start":{"line":28,"column":6},"end":{"line":28,"column":6}},{"start":{"line":28,"column":6},"end":{"line":28,"column":6}}]}}}}